280  INFO  c.d.driver.core.GuavaCompatibility: Detected Guava >= 19 in the classpath, using modern compatibility layer
425  INFO  c.datastax.driver.core.ClockFactory: Using native clock to generate timestamps.
467  INFO  cassproj.backend.BackendSession: Init database SpaceBase...
511  INFO  com.datastax.driver.core.NettyUtil: Found Netty's native epoll transport in the classpath, using it
847  INFO  c.d.d.c.p.DCAwareRoundRobinPolicy: Using data-center name 'datacenter1' for DCAwareRoundRobinPolicy (if this is incorrect, please provide the correct datacenter name with DCAwareRoundRobinPolicy constructor)
849  INFO  com.datastax.driver.core.Cluster: New Cassandra host /172.18.0.4:9042 added
849  INFO  com.datastax.driver.core.Cluster: New Cassandra host /172.18.0.2:9042 added
849  INFO  com.datastax.driver.core.Cluster: New Cassandra host /172.18.0.3:9042 added
880  INFO  cassproj.backend.BackendSession: Creating SpaceBase Keyspace...
1583 INFO  cassproj.backend.BackendSession: Keyspace created.
1605 INFO  cassproj.backend.BackendSession: Init Statements prepared
1605 INFO  cassproj.backend.BackendSession: Creating floors table...
2750 INFO  cassproj.backend.BackendSession: Floors table created.
2750 INFO  cassproj.backend.BackendSession: Creating floorsAir table...
3721 INFO  cassproj.backend.BackendSession: FloorsAir table created.
3721 INFO  cassproj.backend.BackendSession: Init database SpaceBase completed.
3721 INFO  cassproj.backend.BackendSession: Trying to connect to SpaceBase...
3733 INFO  cassproj.backend.BackendSession: Connected.
3772 INFO  cassproj.backend.BackendSession: Statements prepared
8911 INFO  cassproj.backend.BackendSession: Floor 1 upserted
12916 INFO  cassproj.backend.BackendSession: Floor 2 upserted
12922 INFO  cassproj.backend.BackendSession: Floor 3 upserted
12928 INFO  cassproj.backend.BackendSession: Floor 4 upserted
12934 INFO  cassproj.backend.BackendSession: Floor 5 upserted
12939 INFO  cassproj.backend.BackendSession: Floor 6 upserted
12944 INFO  cassproj.backend.BackendSession: Floor 7 upserted
12950 INFO  cassproj.backend.BackendSession: Floor 8 upserted
12953 INFO  cassproj.backend.BackendSession: Floor 9 upserted
12959 INFO  cassproj.backend.BackendSession: Floor 10 upserted
19961 INFO  cassproj.backend.BackendSession: Floor 1 air level incremented.
19962 INFO  cassproj.backend.BackendSession: Floor 1 air level incremented.
19967 INFO  cassproj.backend.BackendSession: Floor 2 air level incremented.
19968 INFO  cassproj.backend.BackendSession: Floor 2 air level incremented.
19974 INFO  cassproj.backend.BackendSession: Floor 3 air level incremented.
19974 INFO  cassproj.backend.BackendSession: Floor 3 air level incremented.
19981 INFO  cassproj.backend.BackendSession: Floor 4 air level incremented.
19981 INFO  cassproj.backend.BackendSession: Floor 4 air level incremented.
19989 INFO  cassproj.backend.BackendSession: Floor 5 air level incremented.
19990 INFO  cassproj.backend.BackendSession: Floor 5 air level incremented.
19994 INFO  cassproj.backend.BackendSession: Floor 6 air level incremented.
19994 INFO  cassproj.backend.BackendSession: Floor 6 air level incremented.
19998 INFO  cassproj.backend.BackendSession: Floor 7 air level incremented.
20000 INFO  cassproj.backend.BackendSession: Floor 7 air level incremented.
20005 INFO  cassproj.backend.BackendSession: Floor 8 air level incremented.
20005 INFO  cassproj.backend.BackendSession: Floor 8 air level incremented.
20010 INFO  cassproj.backend.BackendSession: Floor 9 air level incremented.
20012 INFO  cassproj.backend.BackendSession: Floor 9 air level incremented.
20015 INFO  cassproj.backend.BackendSession: Floor 10 air level incremented.
20015 INFO  cassproj.backend.BackendSession: Floor 10 air level incremented.
23968 INFO  cassproj.backend.BackendSession: Floor 5 air level decremented by 2.
23975 INFO  cassproj.backend.BackendSession: Floor 5 air level incremented.
24261 INFO  cassproj.backend.BackendSession: Floor 1 air level decremented by 2.
24271 INFO  cassproj.backend.BackendSession: Floor 1 air level incremented.
24271 INFO  cassproj.backend.BackendSession: Floor 1 air level incremented.
24390 INFO  cassproj.backend.BackendSession: Floor 10 air level decremented by 2.
24400 INFO  cassproj.backend.BackendSession: Floor 10 air level incremented.
24401 INFO  cassproj.backend.BackendSession: Floor 10 air level incremented.
24775 INFO  cassproj.backend.BackendSession: Floor 9 air level decremented by 2.
24778 INFO  cassproj.backend.BackendSession: Floor 9 air level incremented.
25022 INFO  cassproj.backend.BackendSession: Floor 4 air level decremented by 2.
25030 INFO  cassproj.backend.BackendSession: Floor 4 air level incremented.
25436 INFO  cassproj.backend.BackendSession: Floor 7 air level decremented by 2.
25505 INFO  cassproj.backend.BackendSession: Floor 7 air level incremented.
25637 INFO  cassproj.backend.BackendSession: Floor 8 air level decremented by 2.
25682 INFO  cassproj.backend.BackendSession: Floor 8 air level incremented.
25683 INFO  cassproj.backend.BackendSession: Floor 6 air level decremented by 2.
25706 INFO  cassproj.backend.BackendSession: Floor 6 air level incremented.
25748 INFO  cassproj.backend.BackendSession: Floor 2 air level decremented by 2.
25766 INFO  cassproj.backend.BackendSession: Floor 2 air level incremented.
25767 INFO  cassproj.backend.BackendSession: Floor 2 air level incremented.
25770 INFO  cassproj.backend.BackendSession: Floor 3 air level decremented by 2.
25776 INFO  cassproj.backend.BackendSession: Floor 3 air level incremented.
27993 INFO  cassproj.backend.BackendSession: Floor 5 air level decremented by 1.
28002 INFO  cassproj.backend.BackendSession: Floor 5 air level incremented.
28005 INFO  cassproj.backend.BackendSession: Floor 5 air level incremented.
28568 INFO  cassproj.backend.BackendSession: Floor 1 air level decremented by 2.
28574 INFO  cassproj.backend.BackendSession: Floor 1 air level incremented.
28575 INFO  cassproj.backend.BackendSession: Floor 1 air level incremented.
28825 INFO  cassproj.backend.BackendSession: Floor 10 air level decremented by 2.
28838 INFO  cassproj.backend.BackendSession: Floor 10 air level incremented.
28843 INFO  cassproj.backend.BackendSession: Floor 10 air level incremented.
29589 INFO  cassproj.backend.BackendSession: Floor 9 air level decremented by 1.
29597 INFO  cassproj.backend.BackendSession: Floor 9 air level incremented.
29599 INFO  cassproj.backend.BackendSession: Floor 9 air level incremented.
30094 INFO  cassproj.backend.BackendSession: Floor 4 air level decremented by 1.
30097 INFO  cassproj.backend.BackendSession: Floor 4 air level incremented.
30098 INFO  cassproj.backend.BackendSession: Floor 4 air level incremented.
30932 INFO  cassproj.backend.BackendSession: Floor 7 air level decremented by 1.
30942 INFO  cassproj.backend.BackendSession: Floor 7 air level incremented.
31311 INFO  cassproj.backend.BackendSession: Floor 8 air level decremented by 1.
31318 INFO  cassproj.backend.BackendSession: Floor 8 air level incremented.
31352 INFO  cassproj.backend.BackendSession: Floor 6 air level decremented by 1.
31356 INFO  cassproj.backend.BackendSession: Floor 6 air level incremented.
31553 INFO  cassproj.backend.BackendSession: Floor 2 air level decremented by 2.
31556 INFO  cassproj.backend.BackendSession: Floor 2 air level incremented.
31600 INFO  cassproj.backend.BackendSession: Floor 3 air level decremented by 1.
31609 INFO  cassproj.backend.BackendSession: Floor 3 air level incremented.
31610 INFO  cassproj.backend.BackendSession: Floor 3 air level incremented.
32011 INFO  cassproj.backend.BackendSession: Floor 5 air level decremented by 2.
32016 INFO  cassproj.backend.BackendSession: Floor 5 air level incremented.
32885 INFO  cassproj.backend.BackendSession: Floor 1 air level decremented by 2.
32890 INFO  cassproj.backend.BackendSession: Floor 1 air level incremented.
33267 INFO  cassproj.backend.BackendSession: Floor 10 air level decremented by 2.
33275 INFO  cassproj.backend.BackendSession: Floor 10 air level incremented.
33275 INFO  cassproj.backend.BackendSession: Floor 10 air level incremented.
34174 INFO  cassproj.backend.BackendSession: Floor 8 air level decremented by 1.
34180 INFO  cassproj.backend.BackendSession: Floor 8 air level incremented.
34411 INFO  cassproj.backend.BackendSession: Floor 9 air level decremented by 2.
34418 INFO  cassproj.backend.BackendSession: Floor 9 air level incremented.
34517 INFO  cassproj.backend.BackendSession: Floor 3 air level decremented by 1.
35172 INFO  cassproj.backend.BackendSession: Floor 4 air level decremented by 2.
35175 INFO  cassproj.backend.BackendSession: Floor 4 air level incremented.
35177 INFO  cassproj.backend.BackendSession: Floor 4 air level incremented.
35489 INFO  cassproj.backend.BackendSession: Floor 10 air level decremented by 2.
35492 INFO  cassproj.backend.BackendSession: Floor 10 air level incremented.
35492 INFO  cassproj.backend.BackendSession: Floor 10 air level incremented.
36052 INFO  cassproj.backend.BackendSession: Floor 5 air level incremented.
36054 INFO  cassproj.backend.BackendSession: Floor 5 air level incremented.
36055 INFO  cassproj.backend.BackendSession: Floor 5 air level decremented by 1.
36439 INFO  cassproj.backend.BackendSession: Floor 7 air level decremented by 1.
36441 INFO  cassproj.backend.BackendSession: Floor 7 air level incremented.
37025 INFO  cassproj.backend.BackendSession: Floor 6 air level decremented by 1.
37042 INFO  cassproj.backend.BackendSession: Floor 6 air level incremented.
37043 INFO  cassproj.backend.BackendSession: Floor 6 air level incremented.
37218 INFO  cassproj.backend.BackendSession: Floor 1 air level decremented by 1.
37230 INFO  cassproj.backend.BackendSession: Floor 1 air level incremented.
37231 INFO  cassproj.backend.BackendSession: Floor 1 air level incremented.
37339 INFO  cassproj.backend.BackendSession: Floor 2 air level decremented by 1.
37345 INFO  cassproj.backend.BackendSession: Floor 2 air level incremented.
37425 INFO  cassproj.backend.BackendSession: Floor 3 air level decremented by 1.
37438 INFO  cassproj.backend.BackendSession: Floor 3 air level incremented.
38074 INFO  cassproj.backend.BackendSession: Floor 5 air level decremented by 2.
38082 INFO  cassproj.backend.BackendSession: Floor 5 air level incremented.
39241 INFO  cassproj.backend.BackendSession: Floor 9 air level decremented by 1.
39243 INFO  cassproj.backend.BackendSession: Floor 9 air level incremented.
39846 INFO  cassproj.backend.BackendSession: Floor 8 air level decremented by 1.
39849 INFO  cassproj.backend.BackendSession: Floor 8 air level incremented.
39849 INFO  cassproj.backend.BackendSession: Floor 8 air level incremented.
39918 INFO  cassproj.backend.BackendSession: Floor 10 air level decremented by 2.
39924 INFO  cassproj.backend.BackendSession: Floor 10 air level incremented.
39928 INFO  cassproj.backend.BackendSession: Floor 10 air level incremented.
40235 INFO  cassproj.backend.BackendSession: Floor 4 air level decremented by 2.
40236 INFO  cassproj.backend.BackendSession: Floor 4 air level incremented.
41522 INFO  cassproj.backend.BackendSession: Floor 1 air level decremented by 2.
41525 INFO  cassproj.backend.BackendSession: Floor 1 air level incremented.
41527 INFO  cassproj.backend.BackendSession: Floor 1 air level incremented.
41923 INFO  cassproj.backend.BackendSession: Floor 7 air level decremented by 1.
41926 INFO  cassproj.backend.BackendSession: Floor 7 air level incremented.
42085 INFO  cassproj.backend.BackendSession: Floor 5 air level decremented by 1.
42088 INFO  cassproj.backend.BackendSession: Floor 5 air level incremented.
42088 INFO  cassproj.backend.BackendSession: Floor 5 air level incremented.
42708 INFO  cassproj.backend.BackendSession: Floor 6 air level decremented by 2.
42711 INFO  cassproj.backend.BackendSession: Floor 6 air level incremented.
43124 INFO  cassproj.backend.BackendSession: Floor 2 air level decremented by 1.
43128 INFO  cassproj.backend.BackendSession: Floor 2 air level incremented.
43129 INFO  cassproj.backend.BackendSession: Floor 2 air level incremented.
43240 INFO  cassproj.backend.BackendSession: Floor 3 air level decremented by 1.
43242 INFO  cassproj.backend.BackendSession: Floor 3 air level incremented.
43675 INFO  cassproj.backend.BackendSession: Floor 1 air level decremented by 2.
43680 INFO  cassproj.backend.BackendSession: Floor 1 air level incremented.
43680 INFO  cassproj.backend.BackendSession: Floor 1 air level incremented.
44051 INFO  cassproj.backend.BackendSession: Floor 9 air level decremented by 1.
44053 INFO  cassproj.backend.BackendSession: Floor 9 air level incremented.
44054 INFO  cassproj.backend.BackendSession: Floor 9 air level incremented.
44345 INFO  cassproj.backend.BackendSession: Floor 10 air level decremented by 2.
44347 INFO  cassproj.backend.BackendSession: Floor 10 air level incremented.
44349 INFO  cassproj.backend.BackendSession: Floor 10 air level incremented.
45316 INFO  cassproj.backend.BackendSession: Floor 4 air level decremented by 1.
45368 INFO  cassproj.backend.BackendSession: Floor 4 air level incremented.
45368 INFO  cassproj.backend.BackendSession: Floor 4 air level incremented.
45519 INFO  cassproj.backend.BackendSession: Floor 8 air level decremented by 2.
45522 INFO  cassproj.backend.BackendSession: Floor 8 air level incremented.
46090 INFO  cassproj.backend.BackendSession: Floor 5 air level decremented by 2.
46096 INFO  cassproj.backend.BackendSession: Floor 5 air level incremented.
46096 INFO  cassproj.backend.BackendSession: Floor 5 air level incremented.
47425 INFO  cassproj.backend.BackendSession: Floor 7 air level decremented by 1.
47428 INFO  cassproj.backend.BackendSession: Floor 7 air level incremented.
47978 INFO  cassproj.backend.BackendSession: Floor 1 air level decremented by 2.
47980 INFO  cassproj.backend.BackendSession: Floor 1 air level incremented.
48374 INFO  cassproj.backend.BackendSession: Floor 6 air level decremented by 1.
48376 INFO  cassproj.backend.BackendSession: Floor 6 air level incremented.
48773 INFO  cassproj.backend.BackendSession: Floor 10 air level decremented by 2.
48776 INFO  cassproj.backend.BackendSession: Floor 10 air level incremented.
48872 INFO  cassproj.backend.BackendSession: Floor 9 air level decremented by 2.
48878 INFO  cassproj.backend.BackendSession: Floor 9 air level incremented.
48907 INFO  cassproj.backend.BackendSession: Floor 2 air level decremented by 2.
48908 INFO  cassproj.backend.BackendSession: Total air consumed updated.
49050 INFO  cassproj.backend.BackendSession: Floor 3 air level decremented by 1.
49051 INFO  cassproj.backend.BackendSession: Total air consumed updated.
50098 INFO  cassproj.backend.BackendSession: Floor 5 air level decremented by 2.
50099 INFO  cassproj.backend.BackendSession: Total air consumed updated.
50471 INFO  cassproj.backend.BackendSession: Floor 4 air level decremented by 2.
50472 INFO  cassproj.backend.BackendSession: Total air consumed updated.
51189 INFO  cassproj.backend.BackendSession: Floor 8 air level decremented by 1.
51191 INFO  cassproj.backend.BackendSession: Total air consumed updated.
52282 INFO  cassproj.backend.BackendSession: Floor 1 air level decremented by 1.
52282 INFO  cassproj.backend.BackendSession: Total air consumed updated.
52912 INFO  cassproj.backend.BackendSession: Floor 7 air level decremented by 1.
52913 INFO  cassproj.backend.BackendSession: Total air consumed updated.
53202 INFO  cassproj.backend.BackendSession: Floor 10 air level decremented by 1.
53203 INFO  cassproj.backend.BackendSession: Total air consumed updated.
53685 INFO  cassproj.backend.BackendSession: Floor 9 air level decremented by 1.
53687 INFO  cassproj.backend.BackendSession: Total air consumed updated.
54040 INFO  cassproj.backend.BackendSession: Floor 6 air level decremented by 1.
54044 INFO  cassproj.backend.BackendSession: Total air consumed updated.
68596 INFO  cassproj.backend.BackendSession: Keyspace Spacebase was dropped.
69947 INFO  cassproj.backend.BackendSession: Closing cluster...
